<?xml version="1.0" encoding="UTF-8"?>
<testng-results ignored="2" total="3" passed="1" failed="0" skipped="0">
  <reporter-output>
  </reporter-output>
  <suite started-at="2025-07-10T14:55:13 IST" name="Default suite" finished-at="2025-07-10T14:55:36 IST" duration-ms="22993">
    <groups>
    </groups>
    <test started-at="2025-07-10T14:55:13 IST" name="Default test" finished-at="2025-07-10T14:55:36 IST" duration-ms="22993">
      <class name="TestClass.ClientTestClass">
        <test-method is-config="true" signature="beforeMethod()[pri:0, instance:TestClass.ClientTestClass@3c41ed1d]" started-at="2025-07-10T14:55:13 IST" name="beforeMethod" finished-at="2025-07-10T14:55:20 IST" duration-ms="6481" status="PASS">
          <reporter-output>
          </reporter-output>
        </test-method> <!-- beforeMethod -->
        <test-method signature="verifySearchClientfunctionality()[pri:0, instance:TestClass.ClientTestClass@3c41ed1d]" started-at="2025-07-10T14:55:20 IST" name="verifySearchClientfunctionality" finished-at="2025-07-10T14:55:36 IST" duration-ms="16062" status="PASS">
          <reporter-output>
          </reporter-output>
        </test-method> <!-- verifySearchClientfunctionality -->
        <test-method is-config="true" signature="afterMethod()[pri:0, instance:TestClass.ClientTestClass@3c41ed1d]" started-at="2025-07-10T14:55:36 IST" name="afterMethod" finished-at="2025-07-10T14:55:36 IST" duration-ms="345" status="PASS">
          <reporter-output>
          </reporter-output>
        </test-method> <!-- afterMethod -->
      </class> <!-- TestClass.ClientTestClass -->
    </test> <!-- Default test -->
  </suite> <!-- Default suite -->
</testng-results>
