<?xml version="1.0" encoding="UTF-8"?>
<testng-results ignored="1" total="2" passed="1" failed="0" skipped="0">
  <reporter-output>
  </reporter-output>
  <suite started-at="2025-07-14T11:27:32 IST" name="Default suite" finished-at="2025-07-14T11:27:48 IST" duration-ms="15949">
    <groups>
    </groups>
    <test started-at="2025-07-14T11:27:32 IST" name="Default test" finished-at="2025-07-14T11:27:48 IST" duration-ms="15949">
      <class name="TestClass.OppertunityTestClass">
        <test-method is-config="true" signature="beforeMethod()[pri:0, instance:TestClass.OppertunityTestClass@3754a4bf]" started-at="2025-07-14T11:27:32 IST" name="beforeMethod" finished-at="2025-07-14T11:27:35 IST" duration-ms="3508" status="PASS">
          <reporter-output>
          </reporter-output>
        </test-method> <!-- beforeMethod -->
        <test-method signature="verifySearchResultContainsTester()[pri:0, instance:TestClass.OppertunityTestClass@3754a4bf]" started-at="2025-07-14T11:27:35 IST" name="verifySearchResultContainsTester" finished-at="2025-07-14T11:27:47 IST" duration-ms="12063" status="PASS">
          <reporter-output>
          </reporter-output>
        </test-method> <!-- verifySearchResultContainsTester -->
        <test-method is-config="true" signature="afterMethod()[pri:0, instance:TestClass.OppertunityTestClass@3754a4bf]" started-at="2025-07-14T11:27:47 IST" name="afterMethod" finished-at="2025-07-14T11:27:48 IST" duration-ms="298" status="PASS">
          <reporter-output>
          </reporter-output>
        </test-method> <!-- afterMethod -->
      </class> <!-- TestClass.OppertunityTestClass -->
    </test> <!-- Default test -->
  </suite> <!-- Default suite -->
</testng-results>
