<?xml version="1.0" encoding="UTF-8"?>
<testng-results ignored="0" total="14" passed="14" failed="0" skipped="0">
  <reporter-output>
  </reporter-output>
  <suite started-at="2025-07-15T19:21:53 IST" name="TestSuite" finished-at="2025-07-15T19:24:09 IST" duration-ms="136080">
    <groups>
    </groups>
    <test started-at="2025-07-15T19:21:53 IST" name="Test" finished-at="2025-07-15T19:24:09 IST" duration-ms="136080">
      <class name="TestClass.LoginTestClass">
        <test-method is-config="true" signature="beforeMethod()[pri:0, instance:TestClass.LoginTestClass@6ca18a14]" started-at="2025-07-15T19:22:18 IST" name="beforeMethod" finished-at="2025-07-15T19:22:21 IST" duration-ms="2786" status="PASS">
          <reporter-output>
          </reporter-output>
        </test-method> <!-- beforeMethod -->
        <test-method signature="verifySuccessfullLogin()[pri:1, instance:TestClass.LoginTestClass@6ca18a14]" started-at="2025-07-15T19:22:21 IST" name="verifySuccessfullLogin" finished-at="2025-07-15T19:22:29 IST" duration-ms="7557" status="PASS">
          <reporter-output>
          </reporter-output>
        </test-method> <!-- verifySuccessfullLogin -->
        <test-method is-config="true" signature="afterMethod()[pri:0, instance:TestClass.LoginTestClass@6ca18a14]" started-at="2025-07-15T19:22:29 IST" name="afterMethod" finished-at="2025-07-15T19:22:29 IST" duration-ms="274" status="PASS">
          <reporter-output>
          </reporter-output>
        </test-method> <!-- afterMethod -->
        <test-method is-config="true" signature="beforeMethod()[pri:0, instance:TestClass.LoginTestClass@6ca18a14]" started-at="2025-07-15T19:22:29 IST" name="beforeMethod" finished-at="2025-07-15T19:22:33 IST" duration-ms="3410" status="PASS">
          <reporter-output>
          </reporter-output>
        </test-method> <!-- beforeMethod -->
        <test-method signature="verifyUnsuccessfullLogin(java.lang.String,java.lang.String)[pri:2, instance:TestClass.LoginTestClass@6ca18a14]" started-at="2025-07-15T19:22:33 IST" name="verifyUnsuccessfullLogin" data-provider="unsuccessfullLogin" finished-at="2025-07-15T19:22:34 IST" duration-ms="1030" status="PASS">
          <params>
            <param index="0">
              <value>
                <![CDATA[invalid]]>
              </value>
            </param>
            <param index="1">
              <value>
                <![CDATA[123456]]>
              </value>
            </param>
          </params>
          <reporter-output>
          </reporter-output>
        </test-method> <!-- verifyUnsuccessfullLogin -->
        <test-method is-config="true" signature="afterMethod()[pri:0, instance:TestClass.LoginTestClass@6ca18a14]" started-at="2025-07-15T19:22:34 IST" name="afterMethod" finished-at="2025-07-15T19:22:34 IST" duration-ms="341" status="PASS">
          <reporter-output>
          </reporter-output>
        </test-method> <!-- afterMethod -->
        <test-method is-config="true" signature="beforeMethod()[pri:0, instance:TestClass.LoginTestClass@6ca18a14]" started-at="2025-07-15T19:22:34 IST" name="beforeMethod" finished-at="2025-07-15T19:22:37 IST" duration-ms="2785" status="PASS">
          <reporter-output>
          </reporter-output>
        </test-method> <!-- beforeMethod -->
        <test-method signature="verifyUnsuccessfullLogin(java.lang.String,java.lang.String)[pri:2, instance:TestClass.LoginTestClass@6ca18a14]" started-at="2025-07-15T19:22:37 IST" name="verifyUnsuccessfullLogin" data-provider="unsuccessfullLogin" finished-at="2025-07-15T19:22:38 IST" duration-ms="973" status="PASS">
          <params>
            <param index="0">
              <value>
                <![CDATA[admin]]>
              </value>
            </param>
            <param index="1">
              <value>
                <![CDATA[456324]]>
              </value>
            </param>
          </params>
          <reporter-output>
          </reporter-output>
        </test-method> <!-- verifyUnsuccessfullLogin -->
        <test-method is-config="true" signature="afterMethod()[pri:0, instance:TestClass.LoginTestClass@6ca18a14]" started-at="2025-07-15T19:22:38 IST" name="afterMethod" finished-at="2025-07-15T19:22:38 IST" duration-ms="423" status="PASS">
          <reporter-output>
          </reporter-output>
        </test-method> <!-- afterMethod -->
        <test-method is-config="true" signature="beforeMethod()[pri:0, instance:TestClass.LoginTestClass@6ca18a14]" started-at="2025-07-15T19:22:38 IST" name="beforeMethod" finished-at="2025-07-15T19:22:41 IST" duration-ms="3076" status="PASS">
          <reporter-output>
          </reporter-output>
        </test-method> <!-- beforeMethod -->
        <test-method signature="verifyUnsuccessfullLogin(java.lang.String,java.lang.String)[pri:2, instance:TestClass.LoginTestClass@6ca18a14]" started-at="2025-07-15T19:22:41 IST" name="verifyUnsuccessfullLogin" data-provider="unsuccessfullLogin" finished-at="2025-07-15T19:22:43 IST" duration-ms="1193" status="PASS">
          <params>
            <param index="0">
              <value>
                <![CDATA[invalid]]>
              </value>
            </param>
            <param index="1">
              <value>
                <![CDATA[invalid]]>
              </value>
            </param>
          </params>
          <reporter-output>
          </reporter-output>
        </test-method> <!-- verifyUnsuccessfullLogin -->
        <test-method is-config="true" signature="afterMethod()[pri:0, instance:TestClass.LoginTestClass@6ca18a14]" started-at="2025-07-15T19:22:43 IST" name="afterMethod" finished-at="2025-07-15T19:22:43 IST" duration-ms="285" status="PASS">
          <reporter-output>
          </reporter-output>
        </test-method> <!-- afterMethod -->
        <test-method is-config="true" signature="beforeMethod()[pri:0, instance:TestClass.LoginTestClass@6ca18a14]" started-at="2025-07-15T19:22:43 IST" name="beforeMethod" finished-at="2025-07-15T19:22:46 IST" duration-ms="3000" status="PASS">
          <reporter-output>
          </reporter-output>
        </test-method> <!-- beforeMethod -->
        <test-method signature="verifytheCurrentApplicationisloginWhileHitting()[pri:3, instance:TestClass.LoginTestClass@6ca18a14]" started-at="2025-07-15T19:22:46 IST" name="verifytheCurrentApplicationisloginWhileHitting" finished-at="2025-07-15T19:22:46 IST" duration-ms="140" status="PASS">
          <reporter-output>
          </reporter-output>
        </test-method> <!-- verifytheCurrentApplicationisloginWhileHitting -->
        <test-method is-config="true" signature="afterMethod()[pri:0, instance:TestClass.LoginTestClass@6ca18a14]" started-at="2025-07-15T19:22:46 IST" name="afterMethod" finished-at="2025-07-15T19:22:46 IST" duration-ms="472" status="PASS">
          <reporter-output>
          </reporter-output>
        </test-method> <!-- afterMethod -->
        <test-method is-config="true" signature="beforeMethod()[pri:0, instance:TestClass.LoginTestClass@6ca18a14]" started-at="2025-07-15T19:22:46 IST" name="beforeMethod" finished-at="2025-07-15T19:22:49 IST" duration-ms="2915" status="PASS">
          <reporter-output>
          </reporter-output>
        </test-method> <!-- beforeMethod -->
        <test-method signature="varifyRemembermeisCheckedOrnot()[pri:4, instance:TestClass.LoginTestClass@6ca18a14]" started-at="2025-07-15T19:22:49 IST" name="varifyRemembermeisCheckedOrnot" finished-at="2025-07-15T19:22:49 IST" duration-ms="92" status="PASS">
          <reporter-output>
          </reporter-output>
        </test-method> <!-- varifyRemembermeisCheckedOrnot -->
        <test-method is-config="true" signature="afterMethod()[pri:0, instance:TestClass.LoginTestClass@6ca18a14]" started-at="2025-07-15T19:22:50 IST" name="afterMethod" finished-at="2025-07-15T19:22:50 IST" duration-ms="231" status="PASS">
          <reporter-output>
          </reporter-output>
        </test-method> <!-- afterMethod -->
        <test-method is-config="true" signature="beforeMethod()[pri:0, instance:TestClass.LoginTestClass@6ca18a14]" started-at="2025-07-15T19:22:50 IST" name="beforeMethod" finished-at="2025-07-15T19:22:53 IST" duration-ms="2897" status="PASS">
          <reporter-output>
          </reporter-output>
        </test-method> <!-- beforeMethod -->
        <test-method signature="verifyAttributOfUsernameField()[pri:5, instance:TestClass.LoginTestClass@6ca18a14]" started-at="2025-07-15T19:22:53 IST" name="verifyAttributOfUsernameField" finished-at="2025-07-15T19:22:53 IST" duration-ms="139" status="PASS">
          <reporter-output>
          </reporter-output>
        </test-method> <!-- verifyAttributOfUsernameField -->
        <test-method is-config="true" signature="afterMethod()[pri:0, instance:TestClass.LoginTestClass@6ca18a14]" started-at="2025-07-15T19:22:53 IST" name="afterMethod" finished-at="2025-07-15T19:22:53 IST" duration-ms="258" status="PASS">
          <reporter-output>
          </reporter-output>
        </test-method> <!-- afterMethod -->
      </class> <!-- TestClass.LoginTestClass -->
      <class name="TestClass.DashboardTestClass">
        <test-method is-config="true" signature="createReport()[pri:0, instance:TestClass.DashboardTestClass@4808bc9b]" started-at="2025-07-15T19:21:53 IST" name="createReport" finished-at="2025-07-15T19:21:53 IST" duration-ms="23" status="PASS">
          <reporter-output>
          </reporter-output>
        </test-method> <!-- createReport -->
        <test-method is-config="true" signature="beforeMethod()[pri:0, instance:TestClass.DashboardTestClass@4808bc9b]" started-at="2025-07-15T19:21:53 IST" name="beforeMethod" finished-at="2025-07-15T19:21:57 IST" duration-ms="3663" status="PASS">
          <reporter-output>
          </reporter-output>
        </test-method> <!-- beforeMethod -->
        <test-method signature="verifytheToolTipShowed()[pri:1, instance:TestClass.DashboardTestClass@4808bc9b]" started-at="2025-07-15T19:21:57 IST" name="verifytheToolTipShowed" finished-at="2025-07-15T19:22:06 IST" duration-ms="9370" status="PASS">
          <reporter-output>
          </reporter-output>
        </test-method> <!-- verifytheToolTipShowed -->
        <test-method is-config="true" signature="afterMethod()[pri:0, instance:TestClass.DashboardTestClass@4808bc9b]" started-at="2025-07-15T19:22:06 IST" name="afterMethod" finished-at="2025-07-15T19:22:07 IST" duration-ms="281" status="PASS">
          <reporter-output>
          </reporter-output>
        </test-method> <!-- afterMethod -->
        <test-method is-config="true" signature="beforeMethod()[pri:0, instance:TestClass.DashboardTestClass@4808bc9b]" started-at="2025-07-15T19:22:07 IST" name="beforeMethod" finished-at="2025-07-15T19:22:10 IST" duration-ms="3053" status="PASS">
          <reporter-output>
          </reporter-output>
        </test-method> <!-- beforeMethod -->
        <test-method signature="verifyLogoIsDisplayed()[pri:2, instance:TestClass.DashboardTestClass@4808bc9b]" started-at="2025-07-15T19:22:10 IST" name="verifyLogoIsDisplayed" finished-at="2025-07-15T19:22:18 IST" duration-ms="8315" status="PASS">
          <reporter-output>
          </reporter-output>
        </test-method> <!-- verifyLogoIsDisplayed -->
        <test-method is-config="true" signature="afterMethod()[pri:0, instance:TestClass.DashboardTestClass@4808bc9b]" started-at="2025-07-15T19:22:18 IST" name="afterMethod" finished-at="2025-07-15T19:22:18 IST" duration-ms="268" status="PASS">
          <reporter-output>
          </reporter-output>
        </test-method> <!-- afterMethod -->
      </class> <!-- TestClass.DashboardTestClass -->
      <class name="TestClass.OppertunityTestClass">
        <test-method is-config="true" signature="beforeMethod()[pri:0, instance:TestClass.OppertunityTestClass@c667f46]" started-at="2025-07-15T19:22:53 IST" name="beforeMethod" finished-at="2025-07-15T19:22:56 IST" duration-ms="2961" status="PASS">
          <reporter-output>
          </reporter-output>
        </test-method> <!-- beforeMethod -->
        <test-method signature="verifyoppertunityTitleIsvisible()[pri:1, instance:TestClass.OppertunityTestClass@c667f46]" started-at="2025-07-15T19:22:56 IST" name="verifyoppertunityTitleIsvisible" finished-at="2025-07-15T19:23:06 IST" duration-ms="10380" status="PASS">
          <reporter-output>
          </reporter-output>
        </test-method> <!-- verifyoppertunityTitleIsvisible -->
        <test-method is-config="true" signature="afterMethod()[pri:0, instance:TestClass.OppertunityTestClass@c667f46]" started-at="2025-07-15T19:23:06 IST" name="afterMethod" finished-at="2025-07-15T19:23:07 IST" duration-ms="256" status="PASS">
          <reporter-output>
          </reporter-output>
        </test-method> <!-- afterMethod -->
        <test-method is-config="true" signature="beforeMethod()[pri:0, instance:TestClass.OppertunityTestClass@c667f46]" started-at="2025-07-15T19:23:07 IST" name="beforeMethod" finished-at="2025-07-15T19:23:10 IST" duration-ms="2996" status="PASS">
          <reporter-output>
          </reporter-output>
        </test-method> <!-- beforeMethod -->
        <test-method signature="verifySearchResultContainsTester()[pri:2, instance:TestClass.OppertunityTestClass@c667f46]" started-at="2025-07-15T19:23:10 IST" name="verifySearchResultContainsTester" finished-at="2025-07-15T19:23:19 IST" duration-ms="9259" status="PASS">
          <reporter-output>
          </reporter-output>
        </test-method> <!-- verifySearchResultContainsTester -->
        <test-method is-config="true" signature="afterMethod()[pri:0, instance:TestClass.OppertunityTestClass@c667f46]" started-at="2025-07-15T19:23:19 IST" name="afterMethod" finished-at="2025-07-15T19:23:19 IST" duration-ms="324" status="PASS">
          <reporter-output>
          </reporter-output>
        </test-method> <!-- afterMethod -->
      </class> <!-- TestClass.OppertunityTestClass -->
      <class name="TestClass.ClientTestClass">
        <test-method is-config="true" signature="beforeMethod()[pri:0, instance:TestClass.ClientTestClass@51bd8b5c]" started-at="2025-07-15T19:23:19 IST" name="beforeMethod" finished-at="2025-07-15T19:23:22 IST" duration-ms="2648" status="PASS">
          <reporter-output>
          </reporter-output>
        </test-method> <!-- beforeMethod -->
        <test-method signature="verifyCreateNewClient()[pri:1, instance:TestClass.ClientTestClass@51bd8b5c]" started-at="2025-07-15T19:23:22 IST" name="verifyCreateNewClient" finished-at="2025-07-15T19:23:35 IST" duration-ms="13470" status="PASS">
          <reporter-output>
          </reporter-output>
        </test-method> <!-- verifyCreateNewClient -->
        <test-method is-config="true" signature="afterMethod()[pri:0, instance:TestClass.ClientTestClass@51bd8b5c]" started-at="2025-07-15T19:23:35 IST" name="afterMethod" finished-at="2025-07-15T19:23:36 IST" duration-ms="280" status="PASS">
          <reporter-output>
          </reporter-output>
        </test-method> <!-- afterMethod -->
        <test-method is-config="true" signature="beforeMethod()[pri:0, instance:TestClass.ClientTestClass@51bd8b5c]" started-at="2025-07-15T19:23:36 IST" name="beforeMethod" finished-at="2025-07-15T19:23:39 IST" duration-ms="3378" status="PASS">
          <reporter-output>
          </reporter-output>
        </test-method> <!-- beforeMethod -->
        <test-method signature="verifySearchClientfunctionality()[pri:2, instance:TestClass.ClientTestClass@51bd8b5c]" started-at="2025-07-15T19:23:39 IST" name="verifySearchClientfunctionality" finished-at="2025-07-15T19:23:56 IST" duration-ms="16529" status="PASS">
          <reporter-output>
          </reporter-output>
        </test-method> <!-- verifySearchClientfunctionality -->
        <test-method is-config="true" signature="afterMethod()[pri:0, instance:TestClass.ClientTestClass@51bd8b5c]" started-at="2025-07-15T19:23:56 IST" name="afterMethod" finished-at="2025-07-15T19:23:56 IST" duration-ms="305" status="PASS">
          <reporter-output>
          </reporter-output>
        </test-method> <!-- afterMethod -->
        <test-method is-config="true" signature="beforeMethod()[pri:0, instance:TestClass.ClientTestClass@51bd8b5c]" started-at="2025-07-15T19:23:56 IST" name="beforeMethod" finished-at="2025-07-15T19:23:59 IST" duration-ms="3447" status="PASS">
          <reporter-output>
          </reporter-output>
        </test-method> <!-- beforeMethod -->
        <test-method signature="verifyNewClientButtonisVisible()[pri:3, instance:TestClass.ClientTestClass@51bd8b5c]" started-at="2025-07-15T19:23:59 IST" name="verifyNewClientButtonisVisible" finished-at="2025-07-15T19:24:09 IST" duration-ms="9840" status="PASS">
          <reporter-output>
          </reporter-output>
        </test-method> <!-- verifyNewClientButtonisVisible -->
        <test-method is-config="true" signature="afterMethod()[pri:0, instance:TestClass.ClientTestClass@51bd8b5c]" started-at="2025-07-15T19:24:09 IST" name="afterMethod" finished-at="2025-07-15T19:24:09 IST" duration-ms="308" status="PASS">
          <reporter-output>
          </reporter-output>
        </test-method> <!-- afterMethod -->
      </class> <!-- TestClass.ClientTestClass -->
    </test> <!-- Test -->
  </suite> <!-- TestSuite -->
</testng-results>
