<?xml version="1.0" encoding="UTF-8"?>
<!-- Generated by org.testng.reporters.JUnitXMLReporter -->
<testsuite ignored="2" hostname="DESKTOP-6EN26E1" failures="0" tests="1" name="Default test" time="27.482" errors="0" timestamp="2025-07-15T19:27:04 IST">
  <testcase classname="TestClass.ClientTestClass" name="verifySearchClientfunctionality" time="19.03"/>
  <testcase classname="TestClass.ClientTestClass" name="verifyNewClientButtonisVisible" time="0.0">
    <ignored/>
  </testcase> <!-- verifyNewClientButtonisVisible -->
  <testcase classname="TestClass.ClientTestClass" name="verifyCreateNewClient" time="0.0">
    <ignored/>
  </testcase> <!-- verifyCreateNewClient -->
</testsuite> <!-- Default test -->
