<?xml version="1.0" encoding="UTF-8"?>
<!-- Generated by org.testng.reporters.JUnitXMLReporter -->
<testsuite ignored="4" hostname="DESKTOP-6EN26E1" failures="0" tests="1" name="Default test" time="4.081" errors="0" timestamp="2025-07-15T18:05:57 IST">
  <testcase classname="TestClass.LoginTestClass" name="varifyRemembermeisCheckedOrnot" time="0.157"/>
  <testcase classname="TestClass.LoginTestClass" name="verifytheCurrentApplicationisloginWhileHitting" time="0.0">
    <ignored/>
  </testcase> <!-- verifytheCurrentApplicationisloginWhileHitting -->
  <testcase classname="TestClass.LoginTestClass" name="verifyUnsuccessfullLogin" time="0.0">
    <ignored/>
  </testcase> <!-- verifyUnsuccessfullLogin -->
  <testcase classname="TestClass.LoginTestClass" name="verifyAttributOfUsernameField" time="0.0">
    <ignored/>
  </testcase> <!-- verifyAttributOfUsernameField -->
  <testcase classname="TestClass.LoginTestClass" name="verifySuccessfullLogin" time="0.0">
    <ignored/>
  </testcase> <!-- verifySuccessfullLogin -->
</testsuite> <!-- Default test -->
