<?xml version="1.0" encoding="UTF-8"?>
<!-- Generated by org.testng.reporters.JUnitXMLReporter -->
<testsuite ignored="0" hostname="DESKTOP-6EN26E1" failures="0" tests="7" name="Chrome Test" time="30.248" errors="0" timestamp="2025-07-16T14:39:00 IST">
  <testcase classname="TestClass.LoginTestClass" name="verifySuccessfullLogin" time="6.603"/>
  <testcase classname="TestClass.LoginTestClass" name="verifyUnsuccessfullLogin" time="0.78"/>
  <testcase classname="TestClass.LoginTestClass" name="verifyUnsuccessfullLogin" time="0.757"/>
  <testcase classname="TestClass.LoginTestClass" name="verifyUnsuccessfullLogin" time="0.712"/>
  <testcase classname="TestClass.LoginTestClass" name="verifytheCurrentApplicationisloginWhileHitting" time="0.063"/>
  <testcase classname="TestClass.LoginTestClass" name="varifyRemembermeisCheckedOrnot" time="0.07"/>
  <testcase classname="TestClass.LoginTestClass" name="verifyAttributOfUsernameField" time="0.069"/>
</testsuite> <!-- Chrome Test -->
