<?xml version="1.0" encoding="UTF-8"?>
<!-- Generated by org.testng.reporters.JUnitXMLReporter -->
<testsuite ignored="3" hostname="DESKTOP-6EN26E1" failures="0" tests="14" name="Test" time="136.08" errors="0" timestamp="2025-07-15T19:24:10 IST">
  <testcase classname="TestClass.DashboardTestClass" name="verifytheToolTipShowed" time="9.37"/>
  <testcase classname="TestClass.DashboardTestClass" name="verifyLogoIsDisplayed" time="8.315"/>
  <testcase classname="TestClass.LoginTestClass" name="verifySuccessfullLogin" time="7.557"/>
  <testcase classname="TestClass.LoginTestClass" name="verifyUnsuccessfullLogin" time="1.03"/>
  <testcase classname="TestClass.LoginTestClass" name="verifyUnsuccessfullLogin" time="0.973"/>
  <testcase classname="TestClass.LoginTestClass" name="verifyUnsuccessfullLogin" time="1.193"/>
  <testcase classname="TestClass.LoginTestClass" name="verifytheCurrentApplicationisloginWhileHitting" time="0.14"/>
  <testcase classname="TestClass.LoginTestClass" name="varifyRemembermeisCheckedOrnot" time="0.092"/>
  <testcase classname="TestClass.LoginTestClass" name="verifyAttributOfUsernameField" time="0.139"/>
  <testcase classname="TestClass.OppertunityTestClass" name="verifyoppertunityTitleIsvisible" time="10.38"/>
  <testcase classname="TestClass.OppertunityTestClass" name="verifySearchResultContainsTester" time="9.259"/>
  <testcase classname="TestClass.ClientTestClass" name="verifyCreateNewClient" time="13.47"/>
  <testcase classname="TestClass.ClientTestClass" name="verifySearchClientfunctionality" time="16.529"/>
  <testcase classname="TestClass.ClientTestClass" name="verifyNewClientButtonisVisible" time="9.84"/>
  <testcase classname="BaseClass.BaseClass" name="@BeforeSuite createReport" time="0.0">
    <ignored/>
  </testcase> <!-- @BeforeSuite createReport -->
  <testcase classname="BaseClass.BaseClass" name="@BeforeSuite createReport" time="0.0">
    <ignored/>
  </testcase> <!-- @BeforeSuite createReport -->
  <testcase classname="BaseClass.BaseClass" name="@BeforeSuite createReport" time="0.0">
    <ignored/>
  </testcase> <!-- @BeforeSuite createReport -->
</testsuite> <!-- Test -->
