<?xml version="1.0" encoding="UTF-8"?>
<!-- Generated by org.testng.reporters.JUnitXMLReporter -->
<testsuite ignored="5" hostname="DESKTOP-6EN26E1" failures="0" tests="3" name="Test" time="23.972" errors="0" timestamp="2025-07-16T14:13:32 IST">
  <testcase classname="TestClass.LoginTestClass" name="verifySuccessfullLogin" time="8.081"/>
  <testcase classname="TestClass.LoginTestClass" name="verifytheCurrentApplicationisloginWhileHitting" time="0.755"/>
  <testcase classname="TestClass.DashboardTestClass" name="verifytheToolTipShowed" time="5.512"/>
  <testcase classname="BaseClass.BaseClass" name="@BeforeSuite createReport" time="0.0">
    <ignored/>
  </testcase> <!-- @BeforeSuite createReport -->
  <testcase classname="TestClass.LoginTestClass" name="verifyUnsuccessfullLogin" time="0.0">
    <ignored/>
  </testcase> <!-- verifyUnsuccessfullLogin -->
  <testcase classname="TestClass.LoginTestClass" name="verifyAttributOfUsernameField" time="0.0">
    <ignored/>
  </testcase> <!-- verifyAttributOfUsernameField -->
  <testcase classname="TestClass.DashboardTestClass" name="verifyLogoIsDisplayed" time="0.0">
    <ignored/>
  </testcase> <!-- verifyLogoIsDisplayed -->
  <testcase classname="TestClass.LoginTestClass" name="varifyRemembermeisCheckedOrnot" time="0.0">
    <ignored/>
  </testcase> <!-- varifyRemembermeisCheckedOrnot -->
</testsuite> <!-- Test -->
