<?xml version="1.0" encoding="UTF-8"?>
<!-- Generated by org.testng.reporters.JUnitXMLReporter -->
<testsuite ignored="0" hostname="DESKTOP-6EN26E1" failures="0" tests="7" name="Test" time="33.786" errors="0" timestamp="2025-07-16T14:59:25 IST">
  <testcase classname="TestClass.LoginTestClass" name="verifySuccessfullLogin" time="6.686"/>
  <testcase classname="TestClass.LoginTestClass" name="verifyUnsuccessfullLogin" time="0.747"/>
  <testcase classname="TestClass.LoginTestClass" name="verifyUnsuccessfullLogin" time="0.801"/>
  <testcase classname="TestClass.LoginTestClass" name="verifyUnsuccessfullLogin" time="0.939"/>
  <testcase classname="TestClass.LoginTestClass" name="verifytheCurrentApplicationisloginWhileHitting" time="0.054"/>
  <testcase classname="TestClass.LoginTestClass" name="varifyRemembermeisCheckedOrnot" time="0.048"/>
  <testcase classname="TestClass.LoginTestClass" name="verifyAttributOfUsernameField" time="0.072"/>
</testsuite> <!-- Test -->
