<?xml version="1.0" encoding="UTF-8"?>
<!-- Generated by org.testng.reporters.JUnitXMLReporter -->
<testsuite ignored="0" hostname="DESKTOP-6EN26E1" failures="0" tests="7" name="Test2" time="2.203" errors="0" timestamp="2025-07-16T15:07:14 IST">
  <testcase classname="TestClass.LoginTestClass" name="verifySuccessfullLogin" time="0.0">
    <skipped/>
  </testcase> <!-- verifySuccessfullLogin -->
  <testcase classname="TestClass.LoginTestClass" name="verifyUnsuccessfullLogin" time="0.0">
    <skipped/>
  </testcase> <!-- verifyUnsuccessfullLogin -->
  <testcase classname="TestClass.LoginTestClass" name="verifyUnsuccessfullLogin" time="0.001">
    <skipped/>
  </testcase> <!-- verifyUnsuccessfullLogin -->
  <testcase classname="TestClass.LoginTestClass" name="verifyUnsuccessfullLogin" time="0.0">
    <skipped/>
  </testcase> <!-- verifyUnsuccessfullLogin -->
  <testcase classname="TestClass.LoginTestClass" name="verifytheCurrentApplicationisloginWhileHitting" time="0.0">
    <skipped/>
  </testcase> <!-- verifytheCurrentApplicationisloginWhileHitting -->
  <testcase classname="TestClass.LoginTestClass" name="varifyRemembermeisCheckedOrnot" time="0.001">
    <skipped/>
  </testcase> <!-- varifyRemembermeisCheckedOrnot -->
  <testcase classname="TestClass.LoginTestClass" name="verifyAttributOfUsernameField" time="0.001">
    <skipped/>
  </testcase> <!-- verifyAttributOfUsernameField -->
</testsuite> <!-- Test2 -->
